

============================== 21:38:26.995144 | ae3a6517-dcf2-4d62-932a-655702476604 ==============================
[0m21:38:26.995144 [info ] [MainThread]: Running with dbt=1.7.2
[0m21:38:27.001703 [debug] [MainThread]: running dbt with arguments {'printer_width': '80', 'indirect_selection': 'eager', 'log_cache_events': 'False', 'write_json': 'True', 'partial_parse': 'True', 'cache_selected_only': 'False', 'warn_error': 'None', 'fail_fast': 'False', 'profiles_dir': 'config', 'log_path': '/dbt/data_warehouse/logs', 'version_check': 'True', 'debug': 'False', 'use_colors': 'True', 'use_experimental_parser': 'False', 'no_print': 'None', 'quiet': 'False', 'log_format': 'default', 'static_parser': 'True', 'warn_error_options': 'WarnErrorOptions(include=[], exclude=[])', 'invocation_command': 'dbt deps', 'target_path': 'None', 'introspect': 'True', 'send_anonymous_usage_stats': 'False'}
[0m21:38:27.020763 [warn ] [MainThread]: [[33mWARNING[0m]: Deprecated functionality
The `source-paths` config has been renamed to `model-paths`. Please update your
`dbt_project.yml` configuration to reflect this change.
[0m21:38:27.021540 [warn ] [MainThread]: [[33mWARNING[0m]: Deprecated functionality
The `data-paths` config has been renamed to `seed-paths`. Please update your
`dbt_project.yml` configuration to reflect this change.
[0m21:38:27.093944 [error] [MainThread]: Encountered an error:
Runtime Error
  Could not parse selector file data: 
  null
  ...
  
  Valid root-level selector definitions: union, intersection, string, dictionary. No lists. 
  https://docs.getdbt.com/reference/node-selection/yaml-selectors
[0m21:38:27.096157 [debug] [MainThread]: Resource report: {"command_name": "deps", "command_wall_clock_time": 0.14870209, "process_user_time": 1.990054, "process_kernel_time": 0.129353, "process_mem_max_rss": "93376", "process_in_blocks": "88112", "process_out_blocks": "792", "command_success": false}
[0m21:38:27.096738 [debug] [MainThread]: Command `dbt deps` failed at 21:38:27.096613 after 0.15 seconds
[0m21:38:27.097045 [debug] [MainThread]: Flushing usage events


============================== 21:40:14.477452 | b671479d-0c7f-4f7d-98c2-d624e768260f ==============================
[0m21:40:14.477452 [info ] [MainThread]: Running with dbt=1.7.2
[0m21:40:14.480286 [debug] [MainThread]: running dbt with arguments {'printer_width': '80', 'indirect_selection': 'eager', 'log_cache_events': 'False', 'write_json': 'True', 'partial_parse': 'True', 'cache_selected_only': 'False', 'warn_error': 'None', 'fail_fast': 'False', 'debug': 'False', 'log_path': '/dbt/data_warehouse/logs', 'profiles_dir': 'config', 'version_check': 'True', 'use_colors': 'True', 'use_experimental_parser': 'False', 'no_print': 'None', 'quiet': 'False', 'warn_error_options': 'WarnErrorOptions(include=[], exclude=[])', 'introspect': 'True', 'log_format': 'default', 'static_parser': 'True', 'target_path': 'None', 'invocation_command': 'dbt deps', 'send_anonymous_usage_stats': 'False'}
[0m21:40:14.603475 [debug] [MainThread]: Set downloads directory='/tmp/dbt-downloads-euamfbmw'
[0m21:40:14.604173 [debug] [MainThread]: Making package index registry request: GET https://hub.getdbt.com/api/v1/index.json
[0m21:40:15.074568 [debug] [MainThread]: Response from registry index: GET https://hub.getdbt.com/api/v1/index.json 200
[0m21:40:15.076581 [debug] [MainThread]: Making package registry request: GET https://hub.getdbt.com/api/v1/fishtown-analytics/codegen.json
[0m21:40:15.335060 [debug] [MainThread]: Response from registry: GET https://hub.getdbt.com/api/v1/fishtown-analytics/codegen.json 200
[0m21:40:15.337041 [warn ] [MainThread]: [[33mWARNING[0m]: Deprecated functionality
The `fishtown-analytics/codegen` package is deprecated in favor of
`dbt-labs/codegen`. Please update your `packages.yml` configuration to use
`dbt-labs/codegen` instead.
[0m21:40:15.338282 [debug] [MainThread]: Making package registry request: GET https://hub.getdbt.com/api/v1/fishtown-analytics/dbt_utils.json
[0m21:40:15.687272 [debug] [MainThread]: Response from registry: GET https://hub.getdbt.com/api/v1/fishtown-analytics/dbt_utils.json 200
[0m21:40:15.691688 [debug] [MainThread]: Making package registry request: GET https://hub.getdbt.com/api/v1/elementary-data/elementary.json
[0m21:40:16.040124 [debug] [MainThread]: Response from registry: GET https://hub.getdbt.com/api/v1/elementary-data/elementary.json 200
[0m21:40:16.052355 [debug] [MainThread]: Making package registry request: GET https://hub.getdbt.com/api/v1/dbt-labs/dbt_utils.json
[0m21:40:16.389319 [debug] [MainThread]: Response from registry: GET https://hub.getdbt.com/api/v1/dbt-labs/dbt_utils.json 200
[0m21:40:16.409184 [error] [MainThread]: Encountered an error:
Found duplicate project "dbt_utils". This occurs when a dependency has the same project name as some other dependency.
[0m21:40:16.410293 [debug] [MainThread]: Resource report: {"command_name": "deps", "command_wall_clock_time": 1.975332, "process_user_time": 2.045454, "process_kernel_time": 0.079822, "process_mem_max_rss": "95296", "process_in_blocks": "2472", "process_out_blocks": "24", "command_success": false}
[0m21:40:16.410857 [debug] [MainThread]: Command `dbt deps` failed at 21:40:16.410734 after 1.98 seconds
[0m21:40:16.411169 [debug] [MainThread]: Flushing usage events


============================== 21:42:00.361963 | fcfa2d4c-04d1-4fee-bfc0-a5115ba22335 ==============================
[0m21:42:00.361963 [info ] [MainThread]: Running with dbt=1.7.2
[0m21:42:00.364926 [debug] [MainThread]: running dbt with arguments {'printer_width': '80', 'indirect_selection': 'eager', 'log_cache_events': 'False', 'write_json': 'True', 'partial_parse': 'True', 'cache_selected_only': 'False', 'warn_error': 'None', 'fail_fast': 'False', 'debug': 'False', 'log_path': '/dbt/data_warehouse/logs', 'version_check': 'True', 'profiles_dir': 'config', 'use_colors': 'True', 'use_experimental_parser': 'False', 'no_print': 'None', 'quiet': 'False', 'warn_error_options': 'WarnErrorOptions(include=[], exclude=[])', 'static_parser': 'True', 'invocation_command': 'dbt deps', 'introspect': 'True', 'target_path': 'None', 'log_format': 'default', 'send_anonymous_usage_stats': 'False'}
[0m21:42:00.460623 [debug] [MainThread]: Set downloads directory='/tmp/dbt-downloads-bhe_kita'
[0m21:42:00.461285 [debug] [MainThread]: Making package index registry request: GET https://hub.getdbt.com/api/v1/index.json
[0m21:42:00.634120 [debug] [MainThread]: Response from registry index: GET https://hub.getdbt.com/api/v1/index.json 200
[0m21:42:00.635997 [debug] [MainThread]: Making package registry request: GET https://hub.getdbt.com/api/v1/dbt-labs/codegen.json
[0m21:42:00.888233 [debug] [MainThread]: Response from registry: GET https://hub.getdbt.com/api/v1/dbt-labs/codegen.json 200
[0m21:42:00.891970 [debug] [MainThread]: Making package registry request: GET https://hub.getdbt.com/api/v1/elementary-data/elementary.json
[0m21:42:01.124857 [debug] [MainThread]: Response from registry: GET https://hub.getdbt.com/api/v1/elementary-data/elementary.json 200
[0m21:42:01.133078 [debug] [MainThread]: Making package registry request: GET https://hub.getdbt.com/api/v1/fishtown-analytics/dbt_utils.json
[0m21:42:01.216738 [debug] [MainThread]: Response from registry: GET https://hub.getdbt.com/api/v1/fishtown-analytics/dbt_utils.json 200
[0m21:42:01.218795 [warn ] [MainThread]: [[33mWARNING[0m]: Deprecated functionality
The `fishtown-analytics/dbt_utils` package is deprecated in favor of
`dbt-labs/dbt_utils`. Please update your `packages.yml` configuration to use
`dbt-labs/dbt_utils` instead.
[0m21:42:01.221954 [debug] [MainThread]: Making package registry request: GET https://hub.getdbt.com/api/v1/dbt-labs/dbt_utils.json
[0m21:42:01.305054 [debug] [MainThread]: Response from registry: GET https://hub.getdbt.com/api/v1/dbt-labs/dbt_utils.json 200
[0m21:42:01.325853 [error] [MainThread]: Encountered an error:
Found duplicate project "dbt_utils". This occurs when a dependency has the same project name as some other dependency.
[0m21:42:01.326992 [debug] [MainThread]: Resource report: {"command_name": "deps", "command_wall_clock_time": 1.0094045, "process_user_time": 2.117217, "process_kernel_time": 0.059639, "process_mem_max_rss": "95344", "process_in_blocks": "8", "process_out_blocks": "16", "command_success": false}
[0m21:42:01.327632 [debug] [MainThread]: Command `dbt deps` failed at 21:42:01.327471 after 1.01 seconds
[0m21:42:01.328046 [debug] [MainThread]: Flushing usage events


============================== 21:42:16.926375 | d7927984-7fbd-47de-a539-9a4b6ba444b4 ==============================
[0m21:42:16.926375 [info ] [MainThread]: Running with dbt=1.7.2
[0m21:42:16.929554 [debug] [MainThread]: running dbt with arguments {'printer_width': '80', 'indirect_selection': 'eager', 'write_json': 'True', 'log_cache_events': 'False', 'partial_parse': 'True', 'cache_selected_only': 'False', 'warn_error': 'None', 'version_check': 'True', 'profiles_dir': 'config', 'log_path': '/dbt/data_warehouse/logs', 'debug': 'False', 'fail_fast': 'False', 'use_colors': 'True', 'use_experimental_parser': 'False', 'no_print': 'None', 'quiet': 'False', 'warn_error_options': 'WarnErrorOptions(include=[], exclude=[])', 'invocation_command': 'dbt deps', 'log_format': 'default', 'static_parser': 'True', 'target_path': 'None', 'introspect': 'True', 'send_anonymous_usage_stats': 'False'}
[0m21:42:17.031193 [debug] [MainThread]: Set downloads directory='/tmp/dbt-downloads-rqtn6z80'
[0m21:42:17.031809 [debug] [MainThread]: Making package index registry request: GET https://hub.getdbt.com/api/v1/index.json
[0m21:42:17.129647 [debug] [MainThread]: Response from registry index: GET https://hub.getdbt.com/api/v1/index.json 200
[0m21:42:17.131370 [debug] [MainThread]: Making package registry request: GET https://hub.getdbt.com/api/v1/dbt-labs/codegen.json
[0m21:42:17.212837 [debug] [MainThread]: Response from registry: GET https://hub.getdbt.com/api/v1/dbt-labs/codegen.json 200
[0m21:42:17.216436 [debug] [MainThread]: Making package registry request: GET https://hub.getdbt.com/api/v1/fishtown-analytics/dbt_utils.json
[0m21:42:17.299386 [debug] [MainThread]: Response from registry: GET https://hub.getdbt.com/api/v1/fishtown-analytics/dbt_utils.json 200
[0m21:42:17.301405 [warn ] [MainThread]: [[33mWARNING[0m]: Deprecated functionality
The `fishtown-analytics/dbt_utils` package is deprecated in favor of
`dbt-labs/dbt_utils`. Please update your `packages.yml` configuration to use
`dbt-labs/dbt_utils` instead.
[0m21:42:17.312491 [info ] [MainThread]: Updating lock file in file path: /dbt/data_warehouse/package-lock.yml
[0m21:42:17.317903 [debug] [MainThread]: Set downloads directory='/tmp/dbt-downloads-mgnbtqjr'
[0m21:42:17.322370 [info ] [MainThread]: Installing dbt-labs/codegen
[0m21:42:17.661643 [info ] [MainThread]: Installed from version 0.3.2
[0m21:42:17.662118 [info ] [MainThread]: Updated version available: 0.12.1
[0m21:42:17.662528 [info ] [MainThread]: Installing fishtown-analytics/dbt_utils
[0m21:42:18.043223 [info ] [MainThread]: Installed from version 0.6.6
[0m21:42:18.043725 [info ] [MainThread]: Updated version available: 0.7.0
[0m21:42:18.044248 [info ] [MainThread]: 
[0m21:42:18.044623 [info ] [MainThread]: Updates available for packages: ['dbt-labs/codegen', 'fishtown-analytics/dbt_utils']                 
Update your versions in packages.yml, then run dbt deps
[0m21:42:18.045810 [debug] [MainThread]: Resource report: {"command_name": "deps", "command_success": true, "command_wall_clock_time": 1.1701164, "process_user_time": 2.094212, "process_kernel_time": 0.051078, "process_mem_max_rss": "95372", "process_in_blocks": "112", "process_out_blocks": "2232"}
[0m21:42:18.046317 [debug] [MainThread]: Command `dbt deps` succeeded at 21:42:18.046199 after 1.17 seconds
[0m21:42:18.046613 [debug] [MainThread]: Flushing usage events


============================== 21:43:41.752264 | df7790eb-87a7-45c9-b4ed-689e780016d4 ==============================
[0m21:43:41.752264 [info ] [MainThread]: Running with dbt=1.7.2
[0m21:43:41.755228 [debug] [MainThread]: running dbt with arguments {'printer_width': '80', 'indirect_selection': 'eager', 'write_json': 'True', 'log_cache_events': 'False', 'partial_parse': 'True', 'cache_selected_only': 'False', 'profiles_dir': 'config', 'version_check': 'True', 'debug': 'False', 'log_path': '/dbt/data_warehouse/logs', 'fail_fast': 'False', 'warn_error': 'None', 'use_colors': 'True', 'use_experimental_parser': 'False', 'no_print': 'None', 'quiet': 'False', 'warn_error_options': 'WarnErrorOptions(include=[], exclude=[])', 'introspect': 'True', 'invocation_command': 'dbt deps', 'static_parser': 'True', 'target_path': 'None', 'log_format': 'default', 'send_anonymous_usage_stats': 'False'}
[0m21:43:41.853223 [debug] [MainThread]: Set downloads directory='/tmp/dbt-downloads-ird3w5mv'
[0m21:43:41.853865 [debug] [MainThread]: Making package index registry request: GET https://hub.getdbt.com/api/v1/index.json
[0m21:43:41.997647 [debug] [MainThread]: Response from registry index: GET https://hub.getdbt.com/api/v1/index.json 200
[0m21:43:41.999278 [debug] [MainThread]: Making package registry request: GET https://hub.getdbt.com/api/v1/dbt-labs/codegen.json
[0m21:43:42.253462 [debug] [MainThread]: Response from registry: GET https://hub.getdbt.com/api/v1/dbt-labs/codegen.json 200
[0m21:43:42.257112 [debug] [MainThread]: Making package registry request: GET https://hub.getdbt.com/api/v1/fishtown-analytics/dbt_utils.json
[0m21:43:42.485933 [debug] [MainThread]: Response from registry: GET https://hub.getdbt.com/api/v1/fishtown-analytics/dbt_utils.json 200
[0m21:43:42.487853 [warn ] [MainThread]: [[33mWARNING[0m]: Deprecated functionality
The `fishtown-analytics/dbt_utils` package is deprecated in favor of
`dbt-labs/dbt_utils`. Please update your `packages.yml` configuration to use
`dbt-labs/dbt_utils` instead.
[0m21:43:42.491066 [debug] [MainThread]: Making package registry request: GET https://hub.getdbt.com/api/v1/elementary-data/elementary.json
[0m21:43:42.832058 [debug] [MainThread]: Response from registry: GET https://hub.getdbt.com/api/v1/elementary-data/elementary.json 200
[0m21:43:42.840551 [debug] [MainThread]: Making package registry request: GET https://hub.getdbt.com/api/v1/dbt-labs/dbt_utils.json
[0m21:43:42.924236 [debug] [MainThread]: Response from registry: GET https://hub.getdbt.com/api/v1/dbt-labs/dbt_utils.json 200
[0m21:43:42.945004 [error] [MainThread]: Encountered an error:
Found duplicate project "dbt_utils". This occurs when a dependency has the same project name as some other dependency.
[0m21:43:42.946074 [debug] [MainThread]: Resource report: {"command_name": "deps", "command_wall_clock_time": 1.2357216, "process_user_time": 2.032161, "process_kernel_time": 0.069731, "process_mem_max_rss": "95408", "process_in_blocks": "8", "process_out_blocks": "24", "command_success": false}
[0m21:43:42.946684 [debug] [MainThread]: Command `dbt deps` failed at 21:43:42.946564 after 1.24 seconds
[0m21:43:42.947000 [debug] [MainThread]: Flushing usage events


============================== 21:43:56.484836 | 6b651477-cbdd-40c1-ac91-2858b8177bfb ==============================
[0m21:43:56.484836 [info ] [MainThread]: Running with dbt=1.7.2
[0m21:43:56.487885 [debug] [MainThread]: running dbt with arguments {'printer_width': '80', 'indirect_selection': 'eager', 'write_json': 'True', 'log_cache_events': 'False', 'partial_parse': 'True', 'cache_selected_only': 'False', 'profiles_dir': 'config', 'debug': 'False', 'warn_error': 'None', 'log_path': '/dbt/data_warehouse/logs', 'version_check': 'True', 'fail_fast': 'False', 'use_colors': 'True', 'use_experimental_parser': 'False', 'no_print': 'None', 'quiet': 'False', 'warn_error_options': 'WarnErrorOptions(include=[], exclude=[])', 'introspect': 'True', 'static_parser': 'True', 'invocation_command': 'dbt deps', 'target_path': 'None', 'log_format': 'default', 'send_anonymous_usage_stats': 'False'}
[0m21:43:56.583814 [debug] [MainThread]: Set downloads directory='/tmp/dbt-downloads-e0j16wzv'
[0m21:43:56.584501 [debug] [MainThread]: Making package index registry request: GET https://hub.getdbt.com/api/v1/index.json
[0m21:43:56.673057 [debug] [MainThread]: Response from registry index: GET https://hub.getdbt.com/api/v1/index.json 200
[0m21:43:56.674763 [debug] [MainThread]: Making package registry request: GET https://hub.getdbt.com/api/v1/dbt-labs/codegen.json
[0m21:43:56.757841 [debug] [MainThread]: Response from registry: GET https://hub.getdbt.com/api/v1/dbt-labs/codegen.json 200
[0m21:43:56.761204 [debug] [MainThread]: Making package registry request: GET https://hub.getdbt.com/api/v1/elementary-data/elementary.json
[0m21:43:56.845629 [debug] [MainThread]: Response from registry: GET https://hub.getdbt.com/api/v1/elementary-data/elementary.json 200
[0m21:43:56.854148 [debug] [MainThread]: Making package registry request: GET https://hub.getdbt.com/api/v1/dbt-labs/dbt_utils.json
[0m21:43:56.938685 [debug] [MainThread]: Response from registry: GET https://hub.getdbt.com/api/v1/dbt-labs/dbt_utils.json 200
[0m21:43:56.959024 [info ] [MainThread]: Updating lock file in file path: /dbt/data_warehouse/package-lock.yml
[0m21:43:56.966203 [debug] [MainThread]: Set downloads directory='/tmp/dbt-downloads-6fnr9hqg'
[0m21:43:56.978261 [info ] [MainThread]: Installing dbt-labs/codegen
[0m21:43:57.266793 [info ] [MainThread]: Installed from version 0.12.1
[0m21:43:57.267282 [info ] [MainThread]: Up to date!
[0m21:43:57.267710 [info ] [MainThread]: Installing elementary-data/elementary
[0m21:43:57.648603 [info ] [MainThread]: Installed from version 0.13.0
[0m21:43:57.649077 [info ] [MainThread]: Updated version available: 0.13.1
[0m21:43:57.649509 [info ] [MainThread]: Installing dbt-labs/dbt_utils
[0m21:43:57.953305 [info ] [MainThread]: Installed from version 1.1.1
[0m21:43:57.953781 [info ] [MainThread]: Up to date!
[0m21:43:57.954297 [info ] [MainThread]: 
[0m21:43:57.954713 [info ] [MainThread]: Updates available for packages: ['elementary-data/elementary']                 
Update your versions in packages.yml, then run dbt deps
[0m21:43:57.955930 [debug] [MainThread]: Resource report: {"command_name": "deps", "command_success": true, "command_wall_clock_time": 1.5135689, "process_user_time": 2.172354, "process_kernel_time": 0.060335, "process_mem_max_rss": "96092", "process_in_blocks": "48", "process_out_blocks": "6872"}
[0m21:43:57.956430 [debug] [MainThread]: Command `dbt deps` succeeded at 21:43:57.956316 after 1.51 seconds
[0m21:43:57.956710 [debug] [MainThread]: Flushing usage events
[0m14:09:47.703942 [debug] [MainThread]: Sending event: {'category': 'dbt', 'action': 'invocation', 'label': 'start', 'context': [<snowplow_tracker.self_describing_json.SelfDescribingJson object at 0x7f6c0890d4f0>, <snowplow_tracker.self_describing_json.SelfDescribingJson object at 0x7f6c06749400>, <snowplow_tracker.self_describing_json.SelfDescribingJson object at 0x7f6c067493a0>]}


============================== 14:09:47.710224 | 652685f4-655e-48d0-9410-1191d8ee7273 ==============================
[0m14:09:47.710224 [info ] [MainThread]: Running with dbt=1.7.2
[0m14:09:47.710858 [debug] [MainThread]: running dbt with arguments {'printer_width': '80', 'indirect_selection': 'eager', 'write_json': 'True', 'log_cache_events': 'False', 'partial_parse': 'True', 'cache_selected_only': 'False', 'warn_error': 'None', 'fail_fast': 'False', 'debug': 'False', 'log_path': '/dbt/data_warehouse/logs', 'profiles_dir': '/root/.dbt', 'version_check': 'True', 'use_colors': 'True', 'use_experimental_parser': 'False', 'no_print': 'None', 'quiet': 'False', 'warn_error_options': 'WarnErrorOptions(include=[], exclude=[])', 'invocation_command': 'dbt debug', 'introspect': 'True', 'static_parser': 'True', 'target_path': 'None', 'log_format': 'default', 'send_anonymous_usage_stats': 'True'}
[0m14:09:47.711458 [info ] [MainThread]: dbt version: 1.7.2
[0m14:09:47.711760 [info ] [MainThread]: python version: 3.9.18
[0m14:09:47.712075 [info ] [MainThread]: python path: /app/venv/bin/python
[0m14:09:47.712392 [info ] [MainThread]: os info: Linux-5.15.133.1-microsoft-standard-WSL2-x86_64-with-glibc2.36
[0m14:09:47.712811 [info ] [MainThread]: Using profiles dir at /root/.dbt
[0m14:09:47.713159 [info ] [MainThread]: Using profiles.yml file at /root/.dbt/profiles.yml
[0m14:09:47.713468 [info ] [MainThread]: Using dbt_project.yml file at /dbt/data_warehouse/dbt_project.yml
[0m14:09:47.723444 [error] [MainThread]: Encountered an error:
Compilation Error
  Could not render {{ 'view' if target.type == 'bigquery' else 'table' }}: 'target' is undefined
[0m14:09:47.725000 [debug] [MainThread]: Resource report: {"command_name": "debug", "command_wall_clock_time": 0.026492767, "process_user_time": 1.984712, "process_kernel_time": 0.169548, "process_mem_max_rss": "92624", "process_in_blocks": "16", "process_out_blocks": "800", "command_success": false}
[0m14:09:47.725730 [debug] [MainThread]: Command `dbt debug` failed at 14:09:47.725597 after 0.03 seconds
[0m14:09:47.726104 [debug] [MainThread]: Sending event: {'category': 'dbt', 'action': 'invocation', 'label': 'end', 'context': [<snowplow_tracker.self_describing_json.SelfDescribingJson object at 0x7f6c0890d4f0>, <snowplow_tracker.self_describing_json.SelfDescribingJson object at 0x7f6c06721310>, <snowplow_tracker.self_describing_json.SelfDescribingJson object at 0x7f6c06721370>]}
[0m14:09:47.726476 [debug] [MainThread]: Flushing usage events
[0m14:10:25.063424 [debug] [MainThread]: Sending event: {'category': 'dbt', 'action': 'invocation', 'label': 'start', 'context': [<snowplow_tracker.self_describing_json.SelfDescribingJson object at 0x7fe3bbba4910>, <snowplow_tracker.self_describing_json.SelfDescribingJson object at 0x7fe3b9a50070>, <snowplow_tracker.self_describing_json.SelfDescribingJson object at 0x7fe3b9a50820>]}


============================== 14:10:25.066611 | 989e4817-5bda-4623-ac04-9aef30cde4e1 ==============================
[0m14:10:25.066611 [info ] [MainThread]: Running with dbt=1.7.2
[0m14:10:25.067121 [debug] [MainThread]: running dbt with arguments {'printer_width': '80', 'indirect_selection': 'eager', 'write_json': 'True', 'log_cache_events': 'False', 'partial_parse': 'True', 'cache_selected_only': 'False', 'profiles_dir': '/root/.dbt', 'debug': 'False', 'fail_fast': 'False', 'log_path': '/dbt/data_warehouse/logs', 'warn_error': 'None', 'version_check': 'True', 'use_colors': 'True', 'use_experimental_parser': 'False', 'no_print': 'None', 'quiet': 'False', 'warn_error_options': 'WarnErrorOptions(include=[], exclude=[])', 'invocation_command': 'dbt debug', 'log_format': 'default', 'static_parser': 'True', 'target_path': 'None', 'introspect': 'True', 'send_anonymous_usage_stats': 'True'}
[0m14:10:25.067705 [info ] [MainThread]: dbt version: 1.7.2
[0m14:10:25.068147 [info ] [MainThread]: python version: 3.9.18
[0m14:10:25.068533 [info ] [MainThread]: python path: /app/venv/bin/python
[0m14:10:25.069070 [info ] [MainThread]: os info: Linux-5.15.133.1-microsoft-standard-WSL2-x86_64-with-glibc2.36
[0m14:10:25.069545 [info ] [MainThread]: Using profiles dir at /root/.dbt
[0m14:10:25.070017 [info ] [MainThread]: Using profiles.yml file at /root/.dbt/profiles.yml
[0m14:10:25.070487 [info ] [MainThread]: Using dbt_project.yml file at /dbt/data_warehouse/dbt_project.yml
[0m14:10:25.174937 [info ] [MainThread]: Configuration:
[0m14:10:25.175427 [info ] [MainThread]:   profiles.yml file [[31mERROR not found[0m]
[0m14:10:25.175971 [info ] [MainThread]:   dbt_project.yml file [[32mOK found and valid[0m]
[0m14:10:25.176506 [info ] [MainThread]: Required dependencies:
[0m14:10:25.177121 [debug] [MainThread]: Executing "git --help"
[0m14:10:25.180394 [info ] [MainThread]:  - git [[31mERROR[0m]

[0m14:10:25.180881 [info ] [MainThread]: Connection test skipped since no profile was found
[0m14:10:25.181307 [info ] [MainThread]: [31m2 checks failed:[0m
[0m14:10:25.181636 [info ] [MainThread]: dbt looked for a profiles.yml file in /root/.dbt/profiles.yml, but did
not find one. For more information on configuring your profile, consult the
documentation:

https://docs.getdbt.com/docs/configure-your-profile


[0m14:10:25.182008 [info ] [MainThread]: Error from git --help: Could not find command, ensure it is in the user's PATH: "git"

[0m14:10:25.183123 [debug] [MainThread]: Resource report: {"command_name": "debug", "command_wall_clock_time": 0.12396589, "process_user_time": 1.994387, "process_kernel_time": 0.039887, "process_mem_max_rss": "92748", "process_out_blocks": "16", "command_success": false, "process_in_blocks": "0"}
[0m14:10:25.183767 [debug] [MainThread]: Command `dbt debug` failed at 14:10:25.183616 after 0.12 seconds
[0m14:10:25.184212 [debug] [MainThread]: Sending event: {'category': 'dbt', 'action': 'invocation', 'label': 'end', 'context': [<snowplow_tracker.self_describing_json.SelfDescribingJson object at 0x7fe3bbba4910>, <snowplow_tracker.self_describing_json.SelfDescribingJson object at 0x7fe3b998aa60>, <snowplow_tracker.self_describing_json.SelfDescribingJson object at 0x7fe3b9a50310>]}
[0m14:10:25.184629 [debug] [MainThread]: Flushing usage events


============================== 14:13:39.829677 | 76313207-0501-463f-b04a-d0a2ec9830c8 ==============================
[0m14:13:39.829677 [info ] [MainThread]: Running with dbt=1.7.2
[0m14:13:39.832464 [debug] [MainThread]: running dbt with arguments {'printer_width': '80', 'indirect_selection': 'eager', 'write_json': 'True', 'log_cache_events': 'False', 'partial_parse': 'True', 'cache_selected_only': 'False', 'profiles_dir': '/dbt/data_warehouse/config', 'version_check': 'True', 'fail_fast': 'False', 'log_path': '/dbt/data_warehouse/logs', 'debug': 'False', 'warn_error': 'None', 'use_colors': 'True', 'use_experimental_parser': 'False', 'no_print': 'None', 'quiet': 'False', 'warn_error_options': 'WarnErrorOptions(include=[], exclude=[])', 'introspect': 'True', 'log_format': 'default', 'static_parser': 'True', 'target_path': 'None', 'invocation_command': 'dbt debug', 'send_anonymous_usage_stats': 'False'}
[0m14:13:39.833166 [info ] [MainThread]: dbt version: 1.7.2
[0m14:13:39.833519 [info ] [MainThread]: python version: 3.9.18
[0m14:13:39.833863 [info ] [MainThread]: python path: /app/venv/bin/python
[0m14:13:39.834276 [info ] [MainThread]: os info: Linux-5.15.133.1-microsoft-standard-WSL2-x86_64-with-glibc2.36
[0m14:13:40.427624 [info ] [MainThread]: Using profiles dir at /dbt/data_warehouse/config
[0m14:13:40.428157 [info ] [MainThread]: Using profiles.yml file at /dbt/data_warehouse/config/profiles.yml
[0m14:13:40.428656 [info ] [MainThread]: Using dbt_project.yml file at /dbt/data_warehouse/dbt_project.yml
[0m14:13:40.567338 [info ] [MainThread]: Configuration:
[0m14:13:40.567843 [info ] [MainThread]:   profiles.yml file [[31mERROR invalid[0m]
[0m14:13:40.568207 [info ] [MainThread]:   dbt_project.yml file [[32mOK found and valid[0m]
[0m14:13:40.568583 [info ] [MainThread]: Required dependencies:
[0m14:13:40.568975 [debug] [MainThread]: Executing "git --help"
[0m14:13:40.573671 [info ] [MainThread]:  - git [[31mERROR[0m]

[0m14:13:40.574310 [info ] [MainThread]: Connection test skipped since no profile was found
[0m14:13:40.574752 [info ] [MainThread]: [31m2 checks failed:[0m
[0m14:13:40.575123 [info ] [MainThread]: Profile loading failed for the following reason:
Runtime Error
  Credentials in profile "default", target "bq_dev" invalid: Runtime Error
    Must specify schema


[0m14:13:40.575450 [info ] [MainThread]: Error from git --help: Could not find command, ensure it is in the user's PATH: "git"

[0m14:13:40.576732 [debug] [MainThread]: Resource report: {"command_name": "debug", "command_wall_clock_time": 0.7903673, "process_user_time": 2.764005, "process_kernel_time": 0.961393, "process_mem_max_rss": "211536", "process_out_blocks": "504", "command_success": false, "process_in_blocks": "0"}
[0m14:13:40.577366 [debug] [MainThread]: Command `dbt debug` failed at 14:13:40.577232 after 0.79 seconds
[0m14:13:40.577773 [debug] [MainThread]: Flushing usage events


============================== 14:14:59.738108 | fc2d60d1-7222-42a6-86c7-88bd91a2d46f ==============================
[0m14:14:59.738108 [info ] [MainThread]: Running with dbt=1.7.2
[0m14:14:59.740946 [debug] [MainThread]: running dbt with arguments {'printer_width': '80', 'indirect_selection': 'eager', 'log_cache_events': 'False', 'write_json': 'True', 'partial_parse': 'True', 'cache_selected_only': 'False', 'warn_error': 'None', 'debug': 'False', 'version_check': 'True', 'log_path': '/dbt/data_warehouse/logs', 'profiles_dir': '/dbt/data_warehouse/config', 'fail_fast': 'False', 'use_colors': 'True', 'use_experimental_parser': 'False', 'no_print': 'None', 'quiet': 'False', 'log_format': 'default', 'static_parser': 'True', 'introspect': 'True', 'warn_error_options': 'WarnErrorOptions(include=[], exclude=[])', 'target_path': 'None', 'invocation_command': 'dbt debug', 'send_anonymous_usage_stats': 'False'}
[0m14:14:59.741576 [info ] [MainThread]: dbt version: 1.7.2
[0m14:14:59.741901 [info ] [MainThread]: python version: 3.9.18
[0m14:14:59.742265 [info ] [MainThread]: python path: /app/venv/bin/python
[0m14:14:59.742693 [info ] [MainThread]: os info: Linux-5.15.133.1-microsoft-standard-WSL2-x86_64-with-glibc2.36
[0m14:15:00.350293 [info ] [MainThread]: Using profiles dir at /dbt/data_warehouse/config
[0m14:15:00.351035 [info ] [MainThread]: Using profiles.yml file at /dbt/data_warehouse/config/profiles.yml
[0m14:15:00.351495 [info ] [MainThread]: Using dbt_project.yml file at /dbt/data_warehouse/dbt_project.yml
[0m14:15:00.352518 [info ] [MainThread]: adapter type: bigquery
[0m14:15:00.352878 [info ] [MainThread]: adapter version: 1.7.2
[0m14:15:00.496769 [info ] [MainThread]: Configuration:
[0m14:15:00.497271 [info ] [MainThread]:   profiles.yml file [[32mOK found and valid[0m]
[0m14:15:00.497652 [info ] [MainThread]:   dbt_project.yml file [[32mOK found and valid[0m]
[0m14:15:00.498049 [info ] [MainThread]: Required dependencies:
[0m14:15:00.498441 [debug] [MainThread]: Executing "git --help"
[0m14:15:00.502902 [info ] [MainThread]:  - git [[31mERROR[0m]

[0m14:15:00.503465 [info ] [MainThread]: Connection:
[0m14:15:00.503969 [info ] [MainThread]:   method: service-account
[0m14:15:00.504368 [info ] [MainThread]:   database: pktech-409212
[0m14:15:00.504758 [info ] [MainThread]:   execution_project: pktech-409212
[0m14:15:00.505062 [info ] [MainThread]:   schema: your_default_dataset
[0m14:15:00.505379 [info ] [MainThread]:   location: US
[0m14:15:00.505693 [info ] [MainThread]:   priority: interactive
[0m14:15:00.505962 [info ] [MainThread]:   maximum_bytes_billed: None
[0m14:15:00.506296 [info ] [MainThread]:   impersonate_service_account: None
[0m14:15:00.506593 [info ] [MainThread]:   job_retry_deadline_seconds: None
[0m14:15:00.506933 [info ] [MainThread]:   job_retries: 1
[0m14:15:00.507295 [info ] [MainThread]:   job_creation_timeout_seconds: None
[0m14:15:00.507618 [info ] [MainThread]:   job_execution_timeout_seconds: 300
[0m14:15:00.507975 [info ] [MainThread]:   keyfile: /config/bq_service_account.json
[0m14:15:00.508298 [info ] [MainThread]:   timeout_seconds: 300
[0m14:15:00.508597 [info ] [MainThread]:   refresh_token: None
[0m14:15:00.508911 [info ] [MainThread]:   client_id: None
[0m14:15:00.509222 [info ] [MainThread]:   token_uri: None
[0m14:15:00.509542 [info ] [MainThread]:   dataproc_region: None
[0m14:15:00.509805 [info ] [MainThread]:   dataproc_cluster_name: None
[0m14:15:00.510113 [info ] [MainThread]:   gcs_bucket: None
[0m14:15:00.510442 [info ] [MainThread]:   dataproc_batch: None
[0m14:15:00.510991 [info ] [MainThread]: Registered adapter: bigquery=1.7.2
[0m14:15:00.511936 [debug] [MainThread]: Acquiring new bigquery connection 'debug'
[0m14:15:00.512338 [debug] [MainThread]: Opening a new connection, currently in state init
[0m14:15:00.547221 [debug] [MainThread]: On debug: select 1 as id
[0m14:15:01.591358 [debug] [MainThread]: BigQuery adapter: https://console.cloud.google.com/bigquery?project=pktech-409212&j=bq:US:5ed35062-6cdd-44b9-8ae3-fea120271706&page=queryresults
[0m14:15:02.260401 [info ] [MainThread]:   Connection test: [[32mOK connection ok[0m]

[0m14:15:02.260931 [info ] [MainThread]: [31m1 check failed:[0m
[0m14:15:02.261317 [info ] [MainThread]: Error from git --help: Could not find command, ensure it is in the user's PATH: "git"

[0m14:15:02.262403 [debug] [MainThread]: Resource report: {"command_name": "debug", "command_wall_clock_time": 2.5693252, "process_user_time": 2.979973, "process_kernel_time": 0.969991, "process_mem_max_rss": "212312", "process_out_blocks": "24", "command_success": false, "process_in_blocks": "0"}
[0m14:15:02.262975 [debug] [MainThread]: Command `dbt debug` failed at 14:15:02.262853 after 2.57 seconds
[0m14:15:02.263327 [debug] [MainThread]: Connection 'debug' was properly closed.
[0m14:15:02.263626 [debug] [MainThread]: Flushing usage events
