[0m11:44:42.116880 [debug] [MainThread]: Sending event: {'category': 'dbt', 'action': 'invocation', 'label': 'start', 'context': [<snowplow_tracker.self_describing_json.SelfDescribingJson object at 0x7f5943c39840>, <snowplow_tracker.self_describing_json.SelfDescribingJson object at 0x7f59443c9600>, <snowplow_tracker.self_describing_json.SelfDescribingJson object at 0x7f59443c95a0>]}


============================== 11:44:42.119756 | cce029ad-38f3-4923-a202-193b32a845d8 ==============================
[0m11:44:42.119756 [info ] [MainThread]: Running with dbt=1.7.2
[0m11:44:42.120226 [debug] [MainThread]: running dbt with arguments {'printer_width': '80', 'indirect_selection': 'eager', 'log_cache_events': 'False', 'write_json': 'True', 'partial_parse': 'True', 'cache_selected_only': 'False', 'profiles_dir': '/home/fernandopikler/.dbt', 'debug': 'False', 'version_check': 'True', 'log_path': 'logs', 'fail_fast': 'False', 'warn_error': 'None', 'use_colors': 'True', 'use_experimental_parser': 'False', 'no_print': 'None', 'quiet': 'False', 'log_format': 'default', 'introspect': 'True', 'static_parser': 'True', 'invocation_command': 'dbt init', 'target_path': 'None', 'warn_error_options': 'WarnErrorOptions(include=[], exclude=[])', 'send_anonymous_usage_stats': 'True'}
[0m11:44:42.120827 [warn ] [MainThread]: [ConfigFolderDirectory]: Unable to parse dict {'dir': PosixPath('/home/fernandopikler/.dbt')}
[0m11:44:42.121179 [info ] [MainThread]: Creating dbt configuration folder at 
[0m11:44:51.272794 [debug] [MainThread]: Starter project path: /home/fernandopikler/local/lib/python3.10/site-packages/dbt/include/starter_project
[0m11:44:51.274897 [info ] [MainThread]: 
Your new dbt project "data_warehouse" was created!

For more information on how to configure the profiles.yml file,
please consult the dbt documentation here:

  https://docs.getdbt.com/docs/configure-your-profile

One more thing:

Need help? Don't hesitate to reach out to us via GitHub issues or on Slack:

  https://community.getdbt.com/

Happy modeling!

[0m11:44:51.275341 [info ] [MainThread]: Setting up your profile.
[0m11:46:29.133296 [info ] [MainThread]: Profile data_warehouse written to /home/fernandopikler/.dbt/profiles.yml using target's profile_template.yml and your supplied values. Run 'dbt debug' to validate the connection.
[0m11:46:29.136029 [debug] [MainThread]: Resource report: {"command_name": "init", "command_success": true, "command_wall_clock_time": 107.02112, "process_user_time": 2.155479, "process_kernel_time": 0.851085, "process_mem_max_rss": "207332", "process_in_blocks": "1864", "process_out_blocks": "88"}
[0m11:46:29.136719 [debug] [MainThread]: Command `dbt init` succeeded at 11:46:29.136572 after 107.02 seconds
[0m11:46:29.137136 [debug] [MainThread]: Sending event: {'category': 'dbt', 'action': 'invocation', 'label': 'end', 'context': [<snowplow_tracker.self_describing_json.SelfDescribingJson object at 0x7f5943c39840>, <snowplow_tracker.self_describing_json.SelfDescribingJson object at 0x7f5945d3ff40>, <snowplow_tracker.self_describing_json.SelfDescribingJson object at 0x7f59443c96f0>]}
[0m11:46:29.137554 [debug] [MainThread]: Flushing usage events


============================== 20:03:51.455167 | 6e12f59b-7c2e-42a4-8fb6-08a0a4f3dff4 ==============================
[0m20:03:51.455167 [info ] [MainThread]: Running with dbt=1.7.2
[0m20:03:51.459263 [debug] [MainThread]: running dbt with arguments {'printer_width': '80', 'indirect_selection': 'eager', 'write_json': 'True', 'log_cache_events': 'False', 'partial_parse': 'True', 'cache_selected_only': 'False', 'warn_error': 'None', 'version_check': 'True', 'debug': 'False', 'log_path': 'logs', 'fail_fast': 'False', 'profiles_dir': '/home/fernandopikler/stadiumgoods/sg-dbt/data_warehouse/config', 'use_colors': 'True', 'use_experimental_parser': 'False', 'no_print': 'None', 'quiet': 'False', 'warn_error_options': 'WarnErrorOptions(include=[], exclude=[])', 'introspect': 'True', 'static_parser': 'True', 'invocation_command': 'dbt debug', 'target_path': 'None', 'log_format': 'default', 'send_anonymous_usage_stats': 'False'}
[0m20:03:51.459881 [info ] [MainThread]: dbt version: 1.7.2
[0m20:03:51.460205 [info ] [MainThread]: python version: 3.9.18
[0m20:03:51.460485 [info ] [MainThread]: python path: /home/fernandopikler/anaconda3/envs/sg-dbt-py3/bin/python
[0m20:03:51.460761 [info ] [MainThread]: os info: Linux-5.15.153.1-microsoft-standard-WSL2-x86_64-with-glibc2.35
[0m20:03:52.499705 [info ] [MainThread]: Using profiles dir at /home/fernandopikler/stadiumgoods/sg-dbt/data_warehouse/config
[0m20:03:52.500231 [info ] [MainThread]: Using profiles.yml file at /home/fernandopikler/stadiumgoods/sg-dbt/data_warehouse/config/profiles.yml
[0m20:03:52.500588 [info ] [MainThread]: Using dbt_project.yml file at /home/fernandopikler/github-personal/PersonalProjects/dbt/dbt_project.yml
[0m20:03:52.501701 [info ] [MainThread]: adapter type: bigquery
[0m20:03:52.502096 [info ] [MainThread]: adapter version: 1.7.2
[0m20:03:52.502428 [info ] [MainThread]: Configuration:
[0m20:03:52.502727 [info ] [MainThread]:   profiles.yml file [[32mOK found and valid[0m]
[0m20:03:52.503006 [info ] [MainThread]:   dbt_project.yml file [[31mERROR not found[0m]
[0m20:03:52.503280 [info ] [MainThread]: Required dependencies:
[0m20:03:52.503579 [debug] [MainThread]: Executing "git --help"
[0m20:03:52.509044 [debug] [MainThread]: STDOUT: "b"usage: git [--version] [--help] [-C <path>] [-c <name>=<value>]\n           [--exec-path[=<path>]] [--html-path] [--man-path] [--info-path]\n           [-p | --paginate | -P | --no-pager] [--no-replace-objects] [--bare]\n           [--git-dir=<path>] [--work-tree=<path>] [--namespace=<name>]\n           [--super-prefix=<path>] [--config-env=<name>=<envvar>]\n           <command> [<args>]\n\nThese are common Git commands used in various situations:\n\nstart a working area (see also: git help tutorial)\n   clone     Clone a repository into a new directory\n   init      Create an empty Git repository or reinitialize an existing one\n\nwork on the current change (see also: git help everyday)\n   add       Add file contents to the index\n   mv        Move or rename a file, a directory, or a symlink\n   restore   Restore working tree files\n   rm        Remove files from the working tree and from the index\n\nexamine the history and state (see also: git help revisions)\n   bisect    Use binary search to find the commit that introduced a bug\n   diff      Show changes between commits, commit and working tree, etc\n   grep      Print lines matching a pattern\n   log       Show commit logs\n   show      Show various types of objects\n   status    Show the working tree status\n\ngrow, mark and tweak your common history\n   branch    List, create, or delete branches\n   commit    Record changes to the repository\n   merge     Join two or more development histories together\n   rebase    Reapply commits on top of another base tip\n   reset     Reset current HEAD to the specified state\n   switch    Switch branches\n   tag       Create, list, delete or verify a tag object signed with GPG\n\ncollaborate (see also: git help workflows)\n   fetch     Download objects and refs from another repository\n   pull      Fetch from and integrate with another repository or a local branch\n   push      Update remote refs along with associated objects\n\n'git help -a' and 'git help -g' list available subcommands and some\nconcept guides. See 'git help <command>' or 'git help <concept>'\nto read about a specific subcommand or concept.\nSee 'git help git' for an overview of the system.\n""
[0m20:03:52.509880 [debug] [MainThread]: STDERR: "b''"
[0m20:03:52.510351 [info ] [MainThread]:  - git [[32mOK found[0m]

[0m20:03:52.510842 [info ] [MainThread]: Connection:
[0m20:03:52.511215 [info ] [MainThread]:   method: service-account
[0m20:03:52.511508 [info ] [MainThread]:   database: ff-stadiumgoods-refined-dev
[0m20:03:52.511789 [info ] [MainThread]:   execution_project: ff-stadiumgoods-refined-dev
[0m20:03:52.512075 [info ] [MainThread]:   schema: fernandop_dbt
[0m20:03:52.512357 [info ] [MainThread]:   location: None
[0m20:03:52.512640 [info ] [MainThread]:   priority: interactive
[0m20:03:52.512959 [info ] [MainThread]:   maximum_bytes_billed: None
[0m20:03:52.513239 [info ] [MainThread]:   impersonate_service_account: None
[0m20:03:52.513507 [info ] [MainThread]:   job_retry_deadline_seconds: None
[0m20:03:52.513775 [info ] [MainThread]:   job_retries: 1
[0m20:03:52.514099 [info ] [MainThread]:   job_creation_timeout_seconds: None
[0m20:03:52.514563 [info ] [MainThread]:   job_execution_timeout_seconds: 1600
[0m20:03:52.515001 [info ] [MainThread]:   keyfile: config/bq_service_account.json
[0m20:03:52.515418 [info ] [MainThread]:   timeout_seconds: 1600
[0m20:03:52.515821 [info ] [MainThread]:   refresh_token: None
[0m20:03:52.516214 [info ] [MainThread]:   client_id: None
[0m20:03:52.516594 [info ] [MainThread]:   token_uri: None
[0m20:03:52.516960 [info ] [MainThread]:   dataproc_region: None
[0m20:03:52.517324 [info ] [MainThread]:   dataproc_cluster_name: None
[0m20:03:52.517651 [info ] [MainThread]:   gcs_bucket: None
[0m20:03:52.517950 [info ] [MainThread]:   dataproc_batch: None
[0m20:03:52.518559 [info ] [MainThread]: Registered adapter: bigquery=1.7.2
[0m20:03:52.519606 [debug] [MainThread]: Acquiring new bigquery connection 'debug'
[0m20:03:52.520059 [debug] [MainThread]: Opening a new connection, currently in state init
[0m20:03:52.520508 [debug] [MainThread]: BigQuery adapter: Got an error when attempting to create a bigquery client: '[Errno 2] No such file or directory: 'config/bq_service_account.json''
[0m20:03:52.520927 [info ] [MainThread]:   Connection test: [[31mERROR[0m]

[0m20:03:52.521327 [info ] [MainThread]: [31m2 checks failed:[0m
[0m20:03:52.521627 [info ] [MainThread]: Project loading failed for the following reason:
 project path </home/fernandopikler/github-personal/PersonalProjects/dbt/dbt_project.yml> not found

[0m20:03:52.521941 [info ] [MainThread]: dbt was unable to connect to the specified database.
The database returned the following error:

  >Database Error
  [Errno 2] No such file or directory: 'config/bq_service_account.json'

Check your database credentials and try again. For more information, visit:
https://docs.getdbt.com/docs/configure-your-profile


[0m20:03:52.523459 [debug] [MainThread]: Resource report: {"command_name": "debug", "command_wall_clock_time": 1.1019627, "process_user_time": 2.289728, "process_kernel_time": 0.988517, "process_mem_max_rss": "205440", "process_in_blocks": "227184", "process_out_blocks": "24", "command_success": false}
[0m20:03:52.524081 [debug] [MainThread]: Command `dbt debug` failed at 20:03:52.523945 after 1.10 seconds
[0m20:03:52.524439 [debug] [MainThread]: Connection 'debug' was properly closed.
[0m20:03:52.524742 [debug] [MainThread]: Flushing usage events


============================== 20:10:33.277401 | fe6cdc84-cb99-4d59-b837-0469d019f27f ==============================
[0m20:10:33.277401 [info ] [MainThread]: Running with dbt=1.7.2
[0m20:10:33.280101 [debug] [MainThread]: running dbt with arguments {'printer_width': '80', 'indirect_selection': 'eager', 'log_cache_events': 'False', 'write_json': 'True', 'partial_parse': 'True', 'cache_selected_only': 'False', 'warn_error': 'None', 'fail_fast': 'False', 'profiles_dir': '/home/fernandopikler/stadiumgoods/sg-dbt/data_warehouse/config', 'log_path': 'logs', 'debug': 'False', 'version_check': 'True', 'use_colors': 'True', 'use_experimental_parser': 'False', 'no_print': 'None', 'quiet': 'False', 'log_format': 'default', 'static_parser': 'True', 'introspect': 'True', 'warn_error_options': 'WarnErrorOptions(include=[], exclude=[])', 'target_path': 'None', 'invocation_command': 'dbt debug', 'send_anonymous_usage_stats': 'False'}
[0m20:10:33.280703 [info ] [MainThread]: dbt version: 1.7.2
[0m20:10:33.281087 [info ] [MainThread]: python version: 3.9.18
[0m20:10:33.281415 [info ] [MainThread]: python path: /home/fernandopikler/anaconda3/envs/sg-dbt-py3/bin/python
[0m20:10:33.281728 [info ] [MainThread]: os info: Linux-5.15.153.1-microsoft-standard-WSL2-x86_64-with-glibc2.35
[0m20:10:33.796454 [info ] [MainThread]: Using profiles dir at /home/fernandopikler/stadiumgoods/sg-dbt/data_warehouse/config
[0m20:10:33.797072 [info ] [MainThread]: Using profiles.yml file at /home/fernandopikler/stadiumgoods/sg-dbt/data_warehouse/config/profiles.yml
[0m20:10:33.797714 [info ] [MainThread]: Using dbt_project.yml file at /home/fernandopikler/github-personal/PersonalProjects/dbt/dbt_project.yml
[0m20:10:33.798466 [info ] [MainThread]: adapter type: bigquery
[0m20:10:33.798972 [info ] [MainThread]: adapter version: 1.7.2
[0m20:10:33.799396 [info ] [MainThread]: Configuration:
[0m20:10:33.799699 [info ] [MainThread]:   profiles.yml file [[32mOK found and valid[0m]
[0m20:10:33.799988 [info ] [MainThread]:   dbt_project.yml file [[31mERROR not found[0m]
[0m20:10:33.800276 [info ] [MainThread]: Required dependencies:
[0m20:10:33.800608 [debug] [MainThread]: Executing "git --help"
[0m20:10:33.805881 [debug] [MainThread]: STDOUT: "b"usage: git [--version] [--help] [-C <path>] [-c <name>=<value>]\n           [--exec-path[=<path>]] [--html-path] [--man-path] [--info-path]\n           [-p | --paginate | -P | --no-pager] [--no-replace-objects] [--bare]\n           [--git-dir=<path>] [--work-tree=<path>] [--namespace=<name>]\n           [--super-prefix=<path>] [--config-env=<name>=<envvar>]\n           <command> [<args>]\n\nThese are common Git commands used in various situations:\n\nstart a working area (see also: git help tutorial)\n   clone     Clone a repository into a new directory\n   init      Create an empty Git repository or reinitialize an existing one\n\nwork on the current change (see also: git help everyday)\n   add       Add file contents to the index\n   mv        Move or rename a file, a directory, or a symlink\n   restore   Restore working tree files\n   rm        Remove files from the working tree and from the index\n\nexamine the history and state (see also: git help revisions)\n   bisect    Use binary search to find the commit that introduced a bug\n   diff      Show changes between commits, commit and working tree, etc\n   grep      Print lines matching a pattern\n   log       Show commit logs\n   show      Show various types of objects\n   status    Show the working tree status\n\ngrow, mark and tweak your common history\n   branch    List, create, or delete branches\n   commit    Record changes to the repository\n   merge     Join two or more development histories together\n   rebase    Reapply commits on top of another base tip\n   reset     Reset current HEAD to the specified state\n   switch    Switch branches\n   tag       Create, list, delete or verify a tag object signed with GPG\n\ncollaborate (see also: git help workflows)\n   fetch     Download objects and refs from another repository\n   pull      Fetch from and integrate with another repository or a local branch\n   push      Update remote refs along with associated objects\n\n'git help -a' and 'git help -g' list available subcommands and some\nconcept guides. See 'git help <command>' or 'git help <concept>'\nto read about a specific subcommand or concept.\nSee 'git help git' for an overview of the system.\n""
[0m20:10:33.806618 [debug] [MainThread]: STDERR: "b''"
[0m20:10:33.807087 [info ] [MainThread]:  - git [[32mOK found[0m]

[0m20:10:33.807470 [info ] [MainThread]: Connection:
[0m20:10:33.807869 [info ] [MainThread]:   method: service-account
[0m20:10:33.808184 [info ] [MainThread]:   database: ff-stadiumgoods-refined-dev
[0m20:10:33.808486 [info ] [MainThread]:   execution_project: ff-stadiumgoods-refined-dev
[0m20:10:33.808839 [info ] [MainThread]:   schema: fernandop_dbt
[0m20:10:33.809136 [info ] [MainThread]:   location: None
[0m20:10:33.809427 [info ] [MainThread]:   priority: interactive
[0m20:10:33.809720 [info ] [MainThread]:   maximum_bytes_billed: None
[0m20:10:33.810007 [info ] [MainThread]:   impersonate_service_account: None
[0m20:10:33.810304 [info ] [MainThread]:   job_retry_deadline_seconds: None
[0m20:10:33.810590 [info ] [MainThread]:   job_retries: 1
[0m20:10:33.810877 [info ] [MainThread]:   job_creation_timeout_seconds: None
[0m20:10:33.811201 [info ] [MainThread]:   job_execution_timeout_seconds: 1600
[0m20:10:33.811503 [info ] [MainThread]:   keyfile: config/bq_service_account.json
[0m20:10:33.811807 [info ] [MainThread]:   timeout_seconds: 1600
[0m20:10:33.812097 [info ] [MainThread]:   refresh_token: None
[0m20:10:33.812425 [info ] [MainThread]:   client_id: None
[0m20:10:33.812734 [info ] [MainThread]:   token_uri: None
[0m20:10:33.813027 [info ] [MainThread]:   dataproc_region: None
[0m20:10:33.813354 [info ] [MainThread]:   dataproc_cluster_name: None
[0m20:10:33.813688 [info ] [MainThread]:   gcs_bucket: None
[0m20:10:33.814040 [info ] [MainThread]:   dataproc_batch: None
[0m20:10:33.814757 [info ] [MainThread]: Registered adapter: bigquery=1.7.2
[0m20:10:33.815658 [debug] [MainThread]: Acquiring new bigquery connection 'debug'
[0m20:10:33.816075 [debug] [MainThread]: Opening a new connection, currently in state init
[0m20:10:33.816518 [debug] [MainThread]: BigQuery adapter: Got an error when attempting to create a bigquery client: '[Errno 2] No such file or directory: 'config/bq_service_account.json''
[0m20:10:33.816982 [info ] [MainThread]:   Connection test: [[31mERROR[0m]

[0m20:10:33.817375 [info ] [MainThread]: [31m2 checks failed:[0m
[0m20:10:33.817708 [info ] [MainThread]: Project loading failed for the following reason:
 project path </home/fernandopikler/github-personal/PersonalProjects/dbt/dbt_project.yml> not found

[0m20:10:33.818078 [info ] [MainThread]: dbt was unable to connect to the specified database.
The database returned the following error:

  >Database Error
  [Errno 2] No such file or directory: 'config/bq_service_account.json'

Check your database credentials and try again. For more information, visit:
https://docs.getdbt.com/docs/configure-your-profile


[0m20:10:33.819258 [debug] [MainThread]: Resource report: {"command_name": "debug", "command_wall_clock_time": 0.57671225, "process_user_time": 2.162924, "process_kernel_time": 0.891204, "process_mem_max_rss": "211680", "process_out_blocks": "24", "command_success": false, "process_in_blocks": "0"}
[0m20:10:33.819977 [debug] [MainThread]: Command `dbt debug` failed at 20:10:33.819828 after 0.58 seconds
[0m20:10:33.820376 [debug] [MainThread]: Connection 'debug' was properly closed.
[0m20:10:33.820734 [debug] [MainThread]: Flushing usage events
